app/build/intermediates/manifest_merge_blame_file/debug/manifest-merger-blame-debug-report.txt
1<?xml version="1.0" encoding="utf-8"?>
2<manifest xmlns:android="http://schemas.android.com/apk/res/android"
3    package="com.knobbers.matriculapas"
4    android:versionCode="1"
5    android:versionName="1.0" >
6
7    <uses-sdk
8        android:minSdkVersion="21"
8-->src\main\AndroidManifest.xml
9        android:targetSdkVersion="26" />
9-->src\main\AndroidManifest.xml
10
11    <uses-permission android:name="android.permission.INTERNET" />
11-->src\main\AndroidManifest.xml:5:5-67
11-->src\main\AndroidManifest.xml:5:22-64
12    <uses-permission android:name="android.permission.WRITE_EXTERNAL_STORAGE" />
12-->src\main\AndroidManifest.xml:6:5-81
12-->src\main\AndroidManifest.xml:6:22-78
13
14    <application
14-->src\main\AndroidManifest.xml:8:5-28:19
15        android:allowBackup="true"
15-->src\main\AndroidManifest.xml:9:9-35
16        android:debuggable="true"
17        android:icon="@mipmap/ic_launcher"
17-->src\main\AndroidManifest.xml:12:9-43
18        android:label="@string/app_name"
18-->src\main\AndroidManifest.xml:10:9-41
19        android:roundIcon="@mipmap/ic_launcher"
19-->src\main\AndroidManifest.xml:11:9-48
20        android:supportsRtl="true"
20-->src\main\AndroidManifest.xml:13:9-35
21        android:theme="@style/AppTheme" >
21-->src\main\AndroidManifest.xml:14:9-40
22        <activity
22-->src\main\AndroidManifest.xml:15:9-22:20
23            android:name="com.knobbers.matriculapas.Intro"
23-->src\main\AndroidManifest.xml:16:13-59
24            android:theme="@style/Theme.AppCompat.Light.NoActionBar.FullScreen" >
24-->src\main\AndroidManifest.xml:17:13-80
25            <intent-filter>
25-->src\main\AndroidManifest.xml:18:13-21:29
26                <action android:name="android.intent.action.MAIN" />
26-->src\main\AndroidManifest.xml:19:17-69
26-->src\main\AndroidManifest.xml:19:25-66
27
28                <category android:name="android.intent.category.LAUNCHER" />
28-->src\main\AndroidManifest.xml:20:17-77
28-->src\main\AndroidManifest.xml:20:27-74
29            </intent-filter>
30        </activity>
31        <activity android:name="com.knobbers.matriculapas.MainActivity" />
31-->src\main\AndroidManifest.xml:23:9-75
31-->src\main\AndroidManifest.xml:23:19-72
32        <activity
32-->src\main\AndroidManifest.xml:25:9-27:83
33            android:name="com.knobbers.matriculapas.Acerca"
33-->src\main\AndroidManifest.xml:26:13-60
34            android:theme="@style/Theme.AppCompat.Light.NoActionBar.FullScreen" />
34-->src\main\AndroidManifest.xml:27:13-80
35
36        <meta-data
36-->[com.android.support:appcompat-v7:26.1.0] AndroidManifest.xml:26:9-28:38
37            android:name="android.support.VERSION"
37-->[com.android.support:appcompat-v7:26.1.0] AndroidManifest.xml:27:13-51
38            android:value="26.1.0" />
38-->[com.android.support:appcompat-v7:26.1.0] AndroidManifest.xml:28:13-35
39        <meta-data
39-->[android.arch.lifecycle:runtime:1.0.0] AndroidManifest.xml:25:9-27:47
40            android:name="android.arch.lifecycle.VERSION"
40-->[android.arch.lifecycle:runtime:1.0.0] AndroidManifest.xml:26:13-58
41            android:value="27.0.0-SNAPSHOT" />
41-->[android.arch.lifecycle:runtime:1.0.0] AndroidManifest.xml:27:13-44
42    </application>
43
44</manifest>